<?xml version="1.0" encoding="UTF-8"?>
<!-- Generated by org.testng.reporters.JUnitReportReporter -->
<testsuite hostname="DS-7071BC9E7AC9" name="com.TestNG.Demo1.Scenario" tests="3" failures="0" timestamp="9 Aug 2016 05:10:10 GMT" time="0.013" errors="0">
  <testcase name="buyProducts" time="0.005" classname="com.TestNG.Demo1.Scenario"/>
  <testcase name="search" time="0.006" classname="com.TestNG.Demo1.Scenario"/>
  <testcase name="advancedSearch" time="0.002" classname="com.TestNG.Demo1.Scenario"/>
</testsuite> <!-- com.TestNG.Demo1.Scenario -->
