<?xml version="1.0" encoding="UTF-8"?>
<!-- Generated by org.testng.reporters.JUnitReportReporter -->
<testsuite hostname="DS-7071BC9E7AC9" name="com.TestNG.Demo2.BFMethod" tests="3" failures="0" timestamp="9 Aug 2016 05:57:23 GMT" time="0.013" errors="0">
  <testcase name="tc1" time="0.002" classname="com.TestNG.Demo2.BFMethod"/>
  <testcase name="tc3" time="0.001" classname="com.TestNG.Demo2.BFMethod"/>
  <testcase name="tc2" time="0.010" classname="com.TestNG.Demo2.BFMethod"/>
</testsuite> <!-- com.TestNG.Demo2.BFMethod -->
