<?xml version="1.0" encoding="UTF-8"?>
<!-- Generated by org.testng.reporters.JUnitReportReporter -->
<testsuite hostname="DS-7071BC9E7AC9" name="com.TestNG.Demo1.PrePostCondition" tests="3" failures="0" timestamp="9 Aug 2016 05:10:10 GMT" time="0.007" errors="0">
  <testcase name="buyProducts" time="0.001" classname="com.TestNG.Demo1.PrePostCondition"/>
  <testcase name="search" time="0.002" classname="com.TestNG.Demo1.PrePostCondition"/>
  <testcase name="advancedSearch" time="0.004" classname="com.TestNG.Demo1.PrePostCondition"/>
</testsuite> <!-- com.TestNG.Demo1.PrePostCondition -->
