<?xml version="1.0" encoding="UTF-8"?>
<!-- Generated by org.testng.reporters.JUnitReportReporter -->
<testsuite hostname="DS-7071BC9E7AC9" name="com.TestNG.Demo2.BFMethod2" tests="1" failures="0" timestamp="9 Aug 2016 05:57:23 GMT" time="0.015" errors="0">
  <testcase name="tc3" time="0.015" classname="com.TestNG.Demo2.BFMethod2"/>
</testsuite> <!-- com.TestNG.Demo2.BFMethod2 -->
