<?xml version="1.0" encoding="UTF-8"?>
<!-- Generated by org.testng.reporters.JUnitReportReporter -->
<testsuite hostname="DS-7071BC9E7AC9" name="com.TestNG.Demo1.NewTest" tests="1" failures="0" timestamp="5 Aug 2016 10:47:32 GMT" time="0.013" errors="0">
  <testcase name="f" time="0.013" classname="com.TestNG.Demo1.NewTest"/>
</testsuite> <!-- com.TestNG.Demo1.NewTest -->
